*** Using Compiler 'V5.06 update 7 (build 960)', folder: 'E:\ApplicationDocs\keilCore\ARM\ARMCC\Bin'
Build target 'test1'
compiling Can1_Receive.c...
../Core/Inc/SYSConfig.h(34): error:  #5: cannot open source input file "Can2_Receive.h": No such file or directory
  #include "Can2_Receive.h"
..\Control\CAN\Can1_Receive.c: 0 warnings, 1 error
compiling rmmotor.c...
../Core/Inc/SYSConfig.h(30): error:  #5: cannot open source input file "Can1_Receive.h": No such file or directory
  #include "Can1_Receive.h"
..\ALGORITHM\rmmotor.c: 0 warnings, 1 error
compiling chassis_behaviour.c...
../Core/Inc/SYSConfig.h(30): error:  #5: cannot open source input file "Can1_Receive.h": No such file or directory
  #include "Can1_Receive.h"
..\Control\chassis_behaviour\chassis_behaviour.c: 0 warnings, 1 error
compiling TASK_Chassis.c...
../Core/Inc/SYSConfig.h(30): error:  #5: cannot open source input file "Can1_Receive.h": No such file or directory
  #include "Can1_Receive.h"
..\TASK\TASK_Chassis.c: 0 warnings, 1 error
compiling Can2_Receive.c...
../Core/Inc/SYSConfig.h(30): error:  #5: cannot open source input file "Can1_Receive.h": No such file or directory
  #include "Can1_Receive.h"
..\Control\CAN\Can2_Receive.c: 0 warnings, 1 error
compiling pid.c...
../Core/Inc/SYSConfig.h(30): error:  #5: cannot open source input file "Can1_Receive.h": No such file or directory
  #include "Can1_Receive.h"
..\ALGORITHM\pid.c: 0 warnings, 1 error
compiling RemoteControl.c...
../Core/Inc/SYSConfig.h(30): error:  #5: cannot open source input file "Can1_Receive.h": No such file or directory
  #include "Can1_Receive.h"
..\Control\RemoteControl\RemoteControl.c: 0 warnings, 1 error
compiling maths.c...
../Core/Inc/SYSConfig.h(30): error:  #5: cannot open source input file "Can1_Receive.h": No such file or directory
  #include "Can1_Receive.h"
..\ALGORITHM\maths.c: 0 warnings, 1 error
"test1\test1.axf" - 8 Error(s), 0 Warning(s).
Target not created.
Build Time Elapsed:  00:00:02
